# JRE version: Java(TM) SE Runtime Environment (8.0_161-b12) (build 1.8.0_161-b12)
# Java VM: Java HotSpot(TM) 64-Bit Server VM (25.161-b12 mixed mode windows-amd64 compressed oops)
Heap:
 PSYoungGen      total 39424K, used 24550K [0x00000000d5b80000, 0x00000000d8d00000, 0x0000000100000000)
  eden space 30208K, 65% used [0x00000000d5b80000,0x00000000d6ed4880,0x00000000d7900000)
  from space 9216K, 51% used [0x00000000d8400000,0x00000000d88a5070,0x00000000d8d00000)
  to   space 10240K, 0% used [0x00000000d7900000,0x00000000d7900000,0x00000000d8300000)
 ParOldGen       total 87552K, used 54923K [0x0000000081200000, 0x0000000086780000, 0x00000000d5b80000)
  object space 87552K, 62% used [0x0000000081200000,0x00000000847a2d58,0x0000000086780000)
 Metaspace       used 10408K, capacity 10630K, committed 10752K, reserved 1058816K
  class space    used 1178K, capacity 1262K, committed 1280K, reserved 1048576K
GC Heap History (10 events):
Event: 3.991 GC heap before
{Heap before GC invocations=6 (full 0):
 PSYoungGen      total 37888K, used 37880K [0x00000000d5b80000, 0x00000000d9080000, 0x0000000100000000)
  eden space 32768K, 100% used [0x00000000d5b80000,0x00000000d7b80000,0x00000000d7b80000)
  from space 5120K, 99% used [0x00000000d7c00000,0x00000000d80fe1a8,0x00000000d8100000)
  to   space 10752K, 0% used [0x00000000d8600000,0x00000000d8600000,0x00000000d9080000)
 ParOldGen       total 87552K, used 44804K [0x0000000081200000, 0x0000000086780000, 0x00000000d5b80000)
  object space 87552K, 51% used [0x0000000081200000,0x0000000083dc12e8,0x0000000086780000)
 Metaspace       used 10313K, capacity 10502K, committed 10752K, reserved 1058816K
  class space    used 1178K, capacity 1262K, committed 1280K, reserved 1048576K
Event: 3.995 GC heap after
Heap after GC invocations=6 (full 0):
 PSYoungGen      total 41472K, used 5581K [0x00000000d5b80000, 0x00000000d8f00000, 0x0000000100000000)
  eden space 32256K, 0% used [0x00000000d5b80000,0x00000000d5b80000,0x00000000d7b00000)
  from space 9216K, 60% used [0x00000000d8600000,0x00000000d8b73448,0x00000000d8f00000)
  to   space 10240K, 0% used [0x00000000d7b00000,0x00000000d7b00000,0x00000000d8500000)
 ParOldGen       total 87552K, used 44812K [0x0000000081200000, 0x0000000086780000, 0x00000000d5b80000)
  object space 87552K, 51% used [0x0000000081200000,0x0000000083dc32e8,0x0000000086780000)
 Metaspace       used 10313K, capacity 10502K, committed 10752K, reserved 1058816K
  class space    used 1178K, capacity 1262K, committed 1280K, reserved 1048576K
}
Event: 4.430 GC heap before
{Heap before GC invocations=7 (full 0):
 PSYoungGen      total 41472K, used 37443K [0x00000000d5b80000, 0x00000000d8f00000, 0x0000000100000000)
  eden space 32256K, 98% used [0x00000000d5b80000,0x00000000d7a9db20,0x00000000d7b00000)
  from space 9216K, 60% used [0x00000000d8600000,0x00000000d8b73448,0x00000000d8f00000)
  to   space 10240K, 0% used [0x00000000d7b00000,0x00000000d7b00000,0x00000000d8500000)
 ParOldGen       total 87552K, used 44812K [0x0000000081200000, 0x0000000086780000, 0x00000000d5b80000)
  object space 87552K, 51% used [0x0000000081200000,0x0000000083dc32e8,0x0000000086780000)
 Metaspace       used 10328K, capacity 10502K, committed 10752K, reserved 1058816K
  class space    used 1178K, capacity 1262K, committed 1280K, reserved 1048576K
Event: 4.435 GC heap after
Heap after GC invocations=7 (full 0):
 PSYoungGen      total 41984K, used 2388K [0x00000000d5b80000, 0x00000000d8f80000, 0x0000000100000000)
  eden space 31744K, 0% used [0x00000000d5b80000,0x00000000d5b80000,0x00000000d7a80000)
  from space 10240K, 23% used [0x00000000d7b00000,0x00000000d7d55030,0x00000000d8500000)
  to   space 10752K, 0% used [0x00000000d8500000,0x00000000d8500000,0x00000000d8f80000)
 ParOldGen       total 87552K, used 50300K [0x0000000081200000, 0x0000000086780000, 0x00000000d5b80000)
  object space 87552K, 57% used [0x0000000081200000,0x000000008431f3c0,0x0000000086780000)
 Metaspace       used 10328K, capacity 10502K, committed 10752K, reserved 1058816K
  class space    used 1178K, capacity 1262K, committed 1280K, reserved 1048576K
}
Event: 4.866 GC heap before
{Heap before GC invocations=8 (full 0):
 PSYoungGen      total 41984K, used 33857K [0x00000000d5b80000, 0x00000000d8f80000, 0x0000000100000000)
  eden space 31744K, 99% used [0x00000000d5b80000,0x00000000d7a3b5b0,0x00000000d7a80000)
  from space 10240K, 23% used [0x00000000d7b00000,0x00000000d7d55030,0x00000000d8500000)
  to   space 10752K, 0% used [0x00000000d8500000,0x00000000d8500000,0x00000000d8f80000)
 ParOldGen       total 87552K, used 51200K [0x0000000081200000, 0x0000000086780000, 0x00000000d5b80000)
  object space 87552K, 58% used [0x0000000081200000,0x00000000844003d0,0x0000000086780000)
 Metaspace       used 10339K, capacity 10502K, committed 10752K, reserved 1058816K
  class space    used 1178K, capacity 1262K, committed 1280K, reserved 1048576K
Event: 4.868 GC heap after
Heap after GC invocations=8 (full 0):
 PSYoungGen      total 41472K, used 4424K [0x00000000d5b80000, 0x00000000d8f00000, 0x0000000100000000)
  eden space 31232K, 0% used [0x00000000d5b80000,0x00000000d5b80000,0x00000000d7a00000)
  from space 10240K, 43% used [0x00000000d8500000,0x00000000d8952060,0x00000000d8f00000)
  to   space 10752K, 0% used [0x00000000d7a00000,0x00000000d7a00000,0x00000000d8480000)
 ParOldGen       total 87552K, used 51248K [0x0000000081200000, 0x0000000086780000, 0x00000000d5b80000)
  object space 87552K, 58% used [0x0000000081200000,0x000000008440c3d0,0x0000000086780000)
 Metaspace       used 10339K, capacity 10502K, committed 10752K, reserved 1058816K
  class space    used 1178K, capacity 1262K, committed 1280K, reserved 1048576K
}
Event: 5.363 GC heap before
{Heap before GC invocations=9 (full 0):
 PSYoungGen      total 41472K, used 35656K [0x00000000d5b80000, 0x00000000d8f00000, 0x0000000100000000)
  eden space 31232K, 100% used [0x00000000d5b80000,0x00000000d7a00000,0x00000000d7a00000)
  from space 10240K, 43% used [0x00000000d8500000,0x00000000d8952060,0x00000000d8f00000)
  to   space 10752K, 0% used [0x00000000d7a00000,0x00000000d7a00000,0x00000000d8480000)
 ParOldGen       total 87552K, used 53951K [0x0000000081200000, 0x0000000086780000, 0x00000000d5b80000)
  object space 87552K, 61% used [0x0000000081200000,0x00000000846afd48,0x0000000086780000)
 Metaspace       used 10396K, capacity 10566K, committed 10752K, reserved 1058816K
  class space    used 1178K, capacity 1262K, committed 1280K, reserved 1048576K
Event: 5.364 GC heap after
Heap after GC invocations=9 (full 0):
 PSYoungGen      total 32256K, used 1124K [0x00000000d5b80000, 0x00000000d8e80000, 0x0000000100000000)
  eden space 30720K, 0% used [0x00000000d5b80000,0x00000000d5b80000,0x00000000d7980000)
  from space 1536K, 73% used [0x00000000d7a00000,0x00000000d7b19030,0x00000000d7b80000)
  to   space 10752K, 0% used [0x00000000d8400000,0x00000000d8400000,0x00000000d8e80000)
 ParOldGen       total 87552K, used 53975K [0x0000000081200000, 0x0000000086780000, 0x00000000d5b80000)
  object space 87552K, 61% used [0x0000000081200000,0x00000000846b5d48,0x0000000086780000)
 Metaspace       used 10396K, capacity 10566K, committed 10752K, reserved 1058816K
  class space    used 1178K, capacity 1262K, committed 1280K, reserved 1048576K
}
Event: 5.768 GC heap before
{Heap before GC invocations=10 (full 0):
 PSYoungGen      total 32256K, used 31844K [0x00000000d5b80000, 0x00000000d8e80000, 0x0000000100000000)
  eden space 30720K, 100% used [0x00000000d5b80000,0x00000000d7980000,0x00000000d7980000)
  from space 1536K, 73% used [0x00000000d7a00000,0x00000000d7b19030,0x00000000d7b80000)
  to   space 10752K, 0% used [0x00000000d8400000,0x00000000d8400000,0x00000000d8e80000)
 ParOldGen       total 87552K, used 54875K [0x0000000081200000, 0x0000000086780000, 0x00000000d5b80000)
  object space 87552K, 62% used [0x0000000081200000,0x0000000084796d58,0x0000000086780000)
 Metaspace       used 10406K, capacity 10630K, committed 10752K, reserved 1058816K
  class space    used 1178K, capacity 1262K, committed 1280K, reserved 1048576K
Event: 5.769 GC heap after
Heap after GC invocations=10 (full 0):
 PSYoungGen      total 39424K, used 4756K [0x00000000d5b80000, 0x00000000d8d00000, 0x0000000100000000)
  eden space 30208K, 0% used [0x00000000d5b80000,0x00000000d5b80000,0x00000000d7900000)
  from space 9216K, 51% used [0x00000000d8400000,0x00000000d88a5070,0x00000000d8d00000)
  to   space 10240K, 0% used [0x00000000d7900000,0x00000000d7900000,0x00000000d8300000)
 ParOldGen       total 87552K, used 54923K [0x0000000081200000, 0x0000000086780000, 0x00000000d5b80000)
  object space 87552K, 62% used [0x0000000081200000,0x00000000847a2d58,0x0000000086780000)
 Metaspace       used 10406K, capacity 10630K, committed 10752K, reserved 1058816K
  class space    used 1178K, capacity 1262K, committed 1280K, reserved 1048576K
}

