# JRE version: Java(TM) SE Runtime Environment (8.0_161-b12) (build 1.8.0_161-b12)
# Java VM: Java HotSpot(TM) 64-Bit Server VM (25.161-b12 mixed mode windows-amd64 compressed oops)
Heap:
 PSYoungGen      total 62976K, used 58406K [0x00000000d5b80000, 0x00000000dab00000, 0x0000000100000000)
  eden space 54784K, 99% used [0x00000000d5b80000,0x00000000d9078a18,0x00000000d9100000)
  from space 8192K, 50% used [0x00000000d9100000,0x00000000d9511050,0x00000000d9900000)
  to   space 7680K, 0% used [0x00000000da380000,0x00000000da380000,0x00000000dab00000)
 ParOldGen       total 99840K, used 99097K [0x0000000081200000, 0x0000000087380000, 0x00000000d5b80000)
  object space 99840K, 99% used [0x0000000081200000,0x00000000872c6540,0x0000000087380000)
 Metaspace       used 11362K, capacity 11522K, committed 11648K, reserved 1058816K
  class space    used 1248K, capacity 1326K, committed 1408K, reserved 1048576K
GC Heap History (10 events):
Event: 31.389 GC heap before
{Heap before GC invocations=83 (full 0):
 PSYoungGen      total 46080K, used 43109K [0x00000000d5b80000, 0x00000000d9000000, 0x0000000100000000)
  eden space 38400K, 99% used [0x00000000d5b80000,0x00000000d80e7470,0x00000000d8100000)
  from space 7680K, 62% used [0x00000000d8880000,0x00000000d8d32060,0x00000000d9000000)
  to   space 7680K, 0% used [0x00000000d8100000,0x00000000d8100000,0x00000000d8880000)
 ParOldGen       total 99840K, used 98947K [0x0000000081200000, 0x0000000087380000, 0x00000000d5b80000)
  object space 99840K, 99% used [0x0000000081200000,0x00000000872a0d30,0x0000000087380000)
 Metaspace       used 11362K, capacity 11522K, committed 11648K, reserved 1058816K
  class space    used 1248K, capacity 1326K, committed 1408K, reserved 1048576K
Event: 31.397 GC heap after
Heap after GC invocations=83 (full 0):
 PSYoungGen      total 46080K, used 3972K [0x00000000d5b80000, 0x00000000d9780000, 0x0000000100000000)
  eden space 38400K, 0% used [0x00000000d5b80000,0x00000000d5b80000,0x00000000d8100000)
  from space 7680K, 51% used [0x00000000d8100000,0x00000000d84e1050,0x00000000d8880000)
  to   space 7680K, 0% used [0x00000000d9000000,0x00000000d9000000,0x00000000d9780000)
 ParOldGen       total 99840K, used 98971K [0x0000000081200000, 0x0000000087380000, 0x00000000d5b80000)
  object space 99840K, 99% used [0x0000000081200000,0x00000000872a6d30,0x0000000087380000)
 Metaspace       used 11362K, capacity 11522K, committed 11648K, reserved 1058816K
  class space    used 1248K, capacity 1326K, committed 1408K, reserved 1048576K
}
Event: 31.884 GC heap before
{Heap before GC invocations=84 (full 0):
 PSYoungGen      total 46080K, used 42307K [0x00000000d5b80000, 0x00000000d9780000, 0x0000000100000000)
  eden space 38400K, 99% used [0x00000000d5b80000,0x00000000d80eff60,0x00000000d8100000)
  from space 7680K, 51% used [0x00000000d8100000,0x00000000d84e1050,0x00000000d8880000)
  to   space 7680K, 0% used [0x00000000d9000000,0x00000000d9000000,0x00000000d9780000)
 ParOldGen       total 99840K, used 98971K [0x0000000081200000, 0x0000000087380000, 0x00000000d5b80000)
  object space 99840K, 99% used [0x0000000081200000,0x00000000872a6d30,0x0000000087380000)
 Metaspace       used 11362K, capacity 11522K, committed 11648K, reserved 1058816K
  class space    used 1248K, capacity 1326K, committed 1408K, reserved 1048576K
Event: 31.888 GC heap after
Heap after GC invocations=84 (full 0):
 PSYoungGen      total 53760K, used 4572K [0x00000000d5b80000, 0x00000000d9780000, 0x0000000100000000)
  eden space 46080K, 0% used [0x00000000d5b80000,0x00000000d5b80000,0x00000000d8880000)
  from space 7680K, 59% used [0x00000000d9000000,0x00000000d9477050,0x00000000d9780000)
  to   space 7680K, 0% used [0x00000000d8880000,0x00000000d8880000,0x00000000d9000000)
 ParOldGen       total 99840K, used 99003K [0x0000000081200000, 0x0000000087380000, 0x00000000d5b80000)
  object space 99840K, 99% used [0x0000000081200000,0x00000000872aed30,0x0000000087380000)
 Metaspace       used 11362K, capacity 11522K, committed 11648K, reserved 1058816K
  class space    used 1248K, capacity 1326K, committed 1408K, reserved 1048576K
}
Event: 32.516 GC heap before
{Heap before GC invocations=85 (full 0):
 PSYoungGen      total 53760K, used 50455K [0x00000000d5b80000, 0x00000000d9780000, 0x0000000100000000)
  eden space 46080K, 99% used [0x00000000d5b80000,0x00000000d884ef58,0x00000000d8880000)
  from space 7680K, 59% used [0x00000000d9000000,0x00000000d9477050,0x00000000d9780000)
  to   space 7680K, 0% used [0x00000000d8880000,0x00000000d8880000,0x00000000d9000000)
 ParOldGen       total 99840K, used 99003K [0x0000000081200000, 0x0000000087380000, 0x00000000d5b80000)
  object space 99840K, 99% used [0x0000000081200000,0x00000000872aed30,0x0000000087380000)
 Metaspace       used 11362K, capacity 11522K, committed 11648K, reserved 1058816K
  class space    used 1248K, capacity 1326K, committed 1408K, reserved 1048576K
Event: 32.518 GC heap after
Heap after GC invocations=85 (full 0):
 PSYoungGen      total 53760K, used 4604K [0x00000000d5b80000, 0x00000000da080000, 0x0000000100000000)
  eden space 46080K, 0% used [0x00000000d5b80000,0x00000000d5b80000,0x00000000d8880000)
  from space 7680K, 59% used [0x00000000d8880000,0x00000000d8cff070,0x00000000d9000000)
  to   space 7680K, 0% used [0x00000000d9900000,0x00000000d9900000,0x00000000da080000)
 ParOldGen       total 99840K, used 99027K [0x0000000081200000, 0x0000000087380000, 0x00000000d5b80000)
  object space 99840K, 99% used [0x0000000081200000,0x00000000872b4d30,0x0000000087380000)
 Metaspace       used 11362K, capacity 11522K, committed 11648K, reserved 1058816K
  class space    used 1248K, capacity 1326K, committed 1408K, reserved 1048576K
}
Event: 33.130 GC heap before
{Heap before GC invocations=86 (full 0):
 PSYoungGen      total 53760K, used 50472K [0x00000000d5b80000, 0x00000000da080000, 0x0000000100000000)
  eden space 46080K, 99% used [0x00000000d5b80000,0x00000000d884b020,0x00000000d8880000)
  from space 7680K, 59% used [0x00000000d8880000,0x00000000d8cff070,0x00000000d9000000)
  to   space 7680K, 0% used [0x00000000d9900000,0x00000000d9900000,0x00000000da080000)
 ParOldGen       total 99840K, used 99027K [0x0000000081200000, 0x0000000087380000, 0x00000000d5b80000)
  object space 99840K, 99% used [0x0000000081200000,0x00000000872b4d30,0x0000000087380000)
 Metaspace       used 11362K, capacity 11522K, committed 11648K, reserved 1058816K
  class space    used 1248K, capacity 1326K, committed 1408K, reserved 1048576K
Event: 33.138 GC heap after
Heap after GC invocations=86 (full 0):
 PSYoungGen      total 62464K, used 4968K [0x00000000d5b80000, 0x00000000da180000, 0x0000000100000000)
  eden space 54784K, 0% used [0x00000000d5b80000,0x00000000d5b80000,0x00000000d9100000)
  from space 7680K, 64% used [0x00000000d9900000,0x00000000d9dda060,0x00000000da080000)
  to   space 8192K, 0% used [0x00000000d9100000,0x00000000d9100000,0x00000000d9900000)
 ParOldGen       total 99840K, used 99073K [0x0000000081200000, 0x0000000087380000, 0x00000000d5b80000)
  object space 99840K, 99% used [0x0000000081200000,0x00000000872c0540,0x0000000087380000)
 Metaspace       used 11362K, capacity 11522K, committed 11648K, reserved 1058816K
  class space    used 1248K, capacity 1326K, committed 1408K, reserved 1048576K
}
Event: 33.872 GC heap before
{Heap before GC invocations=87 (full 0):
 PSYoungGen      total 62464K, used 59520K [0x00000000d5b80000, 0x00000000da180000, 0x0000000100000000)
  eden space 54784K, 99% used [0x00000000d5b80000,0x00000000d90c5fc8,0x00000000d9100000)
  from space 7680K, 64% used [0x00000000d9900000,0x00000000d9dda060,0x00000000da080000)
  to   space 8192K, 0% used [0x00000000d9100000,0x00000000d9100000,0x00000000d9900000)
 ParOldGen       total 99840K, used 99073K [0x0000000081200000, 0x0000000087380000, 0x00000000d5b80000)
  object space 99840K, 99% used [0x0000000081200000,0x00000000872c0540,0x0000000087380000)
 Metaspace       used 11362K, capacity 11522K, committed 11648K, reserved 1058816K
  class space    used 1248K, capacity 1326K, committed 1408K, reserved 1048576K
Event: 33.882 GC heap after
Heap after GC invocations=87 (full 0):
 PSYoungGen      total 62976K, used 4164K [0x00000000d5b80000, 0x00000000dab00000, 0x0000000100000000)
  eden space 54784K, 0% used [0x00000000d5b80000,0x00000000d5b80000,0x00000000d9100000)
  from space 8192K, 50% used [0x00000000d9100000,0x00000000d9511050,0x00000000d9900000)
  to   space 7680K, 0% used [0x00000000da380000,0x00000000da380000,0x00000000dab00000)
 ParOldGen       total 99840K, used 99097K [0x0000000081200000, 0x0000000087380000, 0x00000000d5b80000)
  object space 99840K, 99% used [0x0000000081200000,0x00000000872c6540,0x0000000087380000)
 Metaspace       used 11362K, capacity 11522K, committed 11648K, reserved 1058816K
  class space    used 1248K, capacity 1326K, committed 1408K, reserved 1048576K
}

