# JRE version: Java(TM) SE Runtime Environment (8.0_161-b12) (build 1.8.0_161-b12)
# Java VM: Java HotSpot(TM) 64-Bit Server VM (25.161-b12 mixed mode windows-amd64 compressed oops)
Heap:
 PSYoungGen      total 120832K, used 46252K [0x00000000d5b80000, 0x00000000def00000, 0x0000000100000000)
  eden space 113664K, 36% used [0x00000000d5b80000,0x00000000d837f000,0x00000000dca80000)
  from space 7168K, 73% used [0x00000000dca80000,0x00000000dcfac060,0x00000000dd180000)
  to   space 7168K, 0% used [0x00000000de800000,0x00000000de800000,0x00000000def00000)
 ParOldGen       total 87552K, used 65142K [0x0000000081200000, 0x0000000086780000, 0x00000000d5b80000)
  object space 87552K, 74% used [0x0000000081200000,0x000000008519da08,0x0000000086780000)
 Metaspace       used 11386K, capacity 11538K, committed 11648K, reserved 1058816K
  class space    used 1256K, capacity 1326K, committed 1408K, reserved 1048576K
GC Heap History (10 events):
Event: 35.163 GC heap before
{Heap before GC invocations=57 (full 0):
 PSYoungGen      total 86528K, used 83952K [0x00000000d5b80000, 0x00000000db700000, 0x0000000100000000)
  eden space 79360K, 100% used [0x00000000d5b80000,0x00000000da900000,0x00000000da900000)
  from space 7168K, 64% used [0x00000000db000000,0x00000000db47c060,0x00000000db700000)
  to   space 7168K, 0% used [0x00000000da900000,0x00000000da900000,0x00000000db000000)
 ParOldGen       total 87552K, used 65024K [0x0000000081200000, 0x0000000086780000, 0x00000000d5b80000)
  object space 87552K, 74% used [0x0000000081200000,0x00000000851801f8,0x0000000086780000)
 Metaspace       used 11383K, capacity 11538K, committed 11648K, reserved 1058816K
  class space    used 1255K, capacity 1326K, committed 1408K, reserved 1048576K
Event: 35.177 GC heap after
Heap after GC invocations=57 (full 0):
 PSYoungGen      total 86528K, used 4452K [0x00000000d5b80000, 0x00000000dc580000, 0x0000000100000000)
  eden space 79360K, 0% used [0x00000000d5b80000,0x00000000d5b80000,0x00000000da900000)
  from space 7168K, 62% used [0x00000000da900000,0x00000000dad59050,0x00000000db000000)
  to   space 6656K, 0% used [0x00000000dbf00000,0x00000000dbf00000,0x00000000dc580000)
 ParOldGen       total 87552K, used 65048K [0x0000000081200000, 0x0000000086780000, 0x00000000d5b80000)
  object space 87552K, 74% used [0x0000000081200000,0x00000000851861f8,0x0000000086780000)
 Metaspace       used 11383K, capacity 11538K, committed 11648K, reserved 1058816K
  class space    used 1255K, capacity 1326K, committed 1408K, reserved 1048576K
}
Event: 36.221 GC heap before
{Heap before GC invocations=58 (full 0):
 PSYoungGen      total 86528K, used 83350K [0x00000000d5b80000, 0x00000000dc580000, 0x0000000100000000)
  eden space 79360K, 99% used [0x00000000d5b80000,0x00000000da88ca78,0x00000000da900000)
  from space 7168K, 62% used [0x00000000da900000,0x00000000dad59050,0x00000000db000000)
  to   space 6656K, 0% used [0x00000000dbf00000,0x00000000dbf00000,0x00000000dc580000)
 ParOldGen       total 87552K, used 65048K [0x0000000081200000, 0x0000000086780000, 0x00000000d5b80000)
  object space 87552K, 74% used [0x0000000081200000,0x00000000851861f8,0x0000000086780000)
 Metaspace       used 11384K, capacity 11538K, committed 11648K, reserved 1058816K
  class space    used 1255K, capacity 1326K, committed 1408K, reserved 1048576K
Event: 36.237 GC heap after
Heap after GC invocations=58 (full 0):
 PSYoungGen      total 101376K, used 5652K [0x00000000d5b80000, 0x00000000dc680000, 0x0000000100000000)
  eden space 94720K, 0% used [0x00000000d5b80000,0x00000000d5b80000,0x00000000db800000)
  from space 6656K, 84% used [0x00000000dbf00000,0x00000000dc485070,0x00000000dc580000)
  to   space 7168K, 0% used [0x00000000db800000,0x00000000db800000,0x00000000dbf00000)
 ParOldGen       total 87552K, used 65064K [0x0000000081200000, 0x0000000086780000, 0x00000000d5b80000)
  object space 87552K, 74% used [0x0000000081200000,0x000000008518a1f8,0x0000000086780000)
 Metaspace       used 11384K, capacity 11538K, committed 11648K, reserved 1058816K
  class space    used 1255K, capacity 1326K, committed 1408K, reserved 1048576K
}
Event: 37.485 GC heap before
{Heap before GC invocations=59 (full 0):
 PSYoungGen      total 101376K, used 100372K [0x00000000d5b80000, 0x00000000dc680000, 0x0000000100000000)
  eden space 94720K, 100% used [0x00000000d5b80000,0x00000000db800000,0x00000000db800000)
  from space 6656K, 84% used [0x00000000dbf00000,0x00000000dc485070,0x00000000dc580000)
  to   space 7168K, 0% used [0x00000000db800000,0x00000000db800000,0x00000000dbf00000)
 ParOldGen       total 87552K, used 65064K [0x0000000081200000, 0x0000000086780000, 0x00000000d5b80000)
  object space 87552K, 74% used [0x0000000081200000,0x000000008518a1f8,0x0000000086780000)
 Metaspace       used 11384K, capacity 11538K, committed 11648K, reserved 1058816K
  class space    used 1255K, capacity 1326K, committed 1408K, reserved 1048576K
Event: 37.497 GC heap after
Heap after GC invocations=59 (full 0):
 PSYoungGen      total 101888K, used 5276K [0x00000000d5b80000, 0x00000000dd880000, 0x0000000100000000)
  eden space 94720K, 0% used [0x00000000d5b80000,0x00000000d5b80000,0x00000000db800000)
  from space 7168K, 73% used [0x00000000db800000,0x00000000dbd27050,0x00000000dbf00000)
  to   space 7168K, 0% used [0x00000000dd180000,0x00000000dd180000,0x00000000dd880000)
 ParOldGen       total 87552K, used 65088K [0x0000000081200000, 0x0000000086780000, 0x00000000d5b80000)
  object space 87552K, 74% used [0x0000000081200000,0x00000000851901f8,0x0000000086780000)
 Metaspace       used 11384K, capacity 11538K, committed 11648K, reserved 1058816K
  class space    used 1255K, capacity 1326K, committed 1408K, reserved 1048576K
}
Event: 38.764 GC heap before
{Heap before GC invocations=60 (full 0):
 PSYoungGen      total 101888K, used 99996K [0x00000000d5b80000, 0x00000000dd880000, 0x0000000100000000)
  eden space 94720K, 100% used [0x00000000d5b80000,0x00000000db800000,0x00000000db800000)
  from space 7168K, 73% used [0x00000000db800000,0x00000000dbd27050,0x00000000dbf00000)
  to   space 7168K, 0% used [0x00000000dd180000,0x00000000dd180000,0x00000000dd880000)
 ParOldGen       total 87552K, used 65088K [0x0000000081200000, 0x0000000086780000, 0x00000000d5b80000)
  object space 87552K, 74% used [0x0000000081200000,0x00000000851901f8,0x0000000086780000)
 Metaspace       used 11385K, capacity 11538K, committed 11648K, reserved 1058816K
  class space    used 1256K, capacity 1326K, committed 1408K, reserved 1048576K
Event: 38.786 GC heap after
Heap after GC invocations=60 (full 0):
 PSYoungGen      total 120832K, used 5608K [0x00000000d5b80000, 0x00000000dd880000, 0x0000000100000000)
  eden space 113664K, 0% used [0x00000000d5b80000,0x00000000d5b80000,0x00000000dca80000)
  from space 7168K, 78% used [0x00000000dd180000,0x00000000dd6fa060,0x00000000dd880000)
  to   space 7168K, 0% used [0x00000000dca80000,0x00000000dca80000,0x00000000dd180000)
 ParOldGen       total 87552K, used 65104K [0x0000000081200000, 0x0000000086780000, 0x00000000d5b80000)
  object space 87552K, 74% used [0x0000000081200000,0x00000000851941f8,0x0000000086780000)
 Metaspace       used 11385K, capacity 11538K, committed 11648K, reserved 1058816K
  class space    used 1256K, capacity 1326K, committed 1408K, reserved 1048576K
}
Event: 40.288 GC heap before
{Heap before GC invocations=61 (full 0):
 PSYoungGen      total 120832K, used 119102K [0x00000000d5b80000, 0x00000000dd880000, 0x0000000100000000)
  eden space 113664K, 99% used [0x00000000d5b80000,0x00000000dca558d0,0x00000000dca80000)
  from space 7168K, 78% used [0x00000000dd180000,0x00000000dd6fa060,0x00000000dd880000)
  to   space 7168K, 0% used [0x00000000dca80000,0x00000000dca80000,0x00000000dd180000)
 ParOldGen       total 87552K, used 65104K [0x0000000081200000, 0x0000000086780000, 0x00000000d5b80000)
  object space 87552K, 74% used [0x0000000081200000,0x00000000851941f8,0x0000000086780000)
 Metaspace       used 11385K, capacity 11538K, committed 11648K, reserved 1058816K
  class space    used 1256K, capacity 1326K, committed 1408K, reserved 1048576K
Event: 40.303 GC heap after
Heap after GC invocations=61 (full 0):
 PSYoungGen      total 120832K, used 5296K [0x00000000d5b80000, 0x00000000def00000, 0x0000000100000000)
  eden space 113664K, 0% used [0x00000000d5b80000,0x00000000d5b80000,0x00000000dca80000)
  from space 7168K, 73% used [0x00000000dca80000,0x00000000dcfac060,0x00000000dd180000)
  to   space 7168K, 0% used [0x00000000de800000,0x00000000de800000,0x00000000def00000)
 ParOldGen       total 87552K, used 65142K [0x0000000081200000, 0x0000000086780000, 0x00000000d5b80000)
  object space 87552K, 74% used [0x0000000081200000,0x000000008519da08,0x0000000086780000)
 Metaspace       used 11385K, capacity 11538K, committed 11648K, reserved 1058816K
  class space    used 1256K, capacity 1326K, committed 1408K, reserved 1048576K
}

