# JRE version: Java(TM) SE Runtime Environment (8.0_161-b12) (build 1.8.0_161-b12)
# Java VM: Java HotSpot(TM) 64-Bit Server VM (25.161-b12 mixed mode windows-amd64 compressed oops)
Heap:
 PSYoungGen      total 45568K, used 39730K [0x00000000d5b80000, 0x00000000d9080000, 0x0000000100000000)
  eden space 36864K, 98% used [0x00000000d5b80000,0x00000000d7edb830,0x00000000d7f80000)
  from space 8704K, 40% used [0x00000000d8800000,0x00000000d8b71050,0x00000000d9080000)
  to   space 8704K, 0% used [0x00000000d7f80000,0x00000000d7f80000,0x00000000d8800000)
 ParOldGen       total 84480K, used 26700K [0x0000000081200000, 0x0000000086480000, 0x00000000d5b80000)
  object space 84480K, 31% used [0x0000000081200000,0x0000000082c13350,0x0000000086480000)
 Metaspace       used 10530K, capacity 10726K, committed 11008K, reserved 1058816K
  class space    used 1171K, capacity 1230K, committed 1280K, reserved 1048576K
GC Heap History (10 events):
Event: 7.423 GC heap before
{Heap before GC invocations=11 (full 0):
 PSYoungGen      total 38912K, used 33678K [0x00000000d5b80000, 0x00000000d8d00000, 0x0000000100000000)
  eden space 30208K, 97% used [0x00000000d5b80000,0x00000000d785c9e8,0x00000000d7900000)
  from space 8704K, 47% used [0x00000000d8480000,0x00000000d8887070,0x00000000d8d00000)
  to   space 10240K, 0% used [0x00000000d7900000,0x00000000d7900000,0x00000000d8300000)
 ParOldGen       total 87552K, used 66467K [0x0000000081200000, 0x0000000086780000, 0x00000000d5b80000)
  object space 87552K, 75% used [0x0000000081200000,0x00000000852e8fb0,0x0000000086780000)
 Metaspace       used 10485K, capacity 10662K, committed 10752K, reserved 1058816K
  class space    used 1171K, capacity 1230K, committed 1280K, reserved 1048576K
Event: 7.426 GC heap after
Heap after GC invocations=11 (full 0):
 PSYoungGen      total 33280K, used 3524K [0x00000000d5b80000, 0x00000000d8c80000, 0x0000000100000000)
  eden space 29696K, 0% used [0x00000000d5b80000,0x00000000d5b80000,0x00000000d7880000)
  from space 3584K, 98% used [0x00000000d7900000,0x00000000d7c71050,0x00000000d7c80000)
  to   space 10240K, 0% used [0x00000000d8280000,0x00000000d8280000,0x00000000d8c80000)
 ParOldGen       total 87552K, used 66507K [0x0000000081200000, 0x0000000086780000, 0x00000000d5b80000)
  object space 87552K, 75% used [0x0000000081200000,0x00000000852f2fb0,0x0000000086780000)
 Metaspace       used 10485K, capacity 10662K, committed 10752K, reserved 1058816K
  class space    used 1171K, capacity 1230K, committed 1280K, reserved 1048576K
}
Event: 7.826 GC heap before
{Heap before GC invocations=12 (full 0):
 PSYoungGen      total 33280K, used 32759K [0x00000000d5b80000, 0x00000000d8c80000, 0x0000000100000000)
  eden space 29696K, 98% used [0x00000000d5b80000,0x00000000d780cc90,0x00000000d7880000)
  from space 3584K, 98% used [0x00000000d7900000,0x00000000d7c71050,0x00000000d7c80000)
  to   space 10240K, 0% used [0x00000000d8280000,0x00000000d8280000,0x00000000d8c80000)
 ParOldGen       total 87552K, used 67407K [0x0000000081200000, 0x0000000086780000, 0x00000000d5b80000)
  object space 87552K, 76% used [0x0000000081200000,0x00000000853d3fc0,0x0000000086780000)
 Metaspace       used 10490K, capacity 10662K, committed 10752K, reserved 1058816K
  class space    used 1171K, capacity 1230K, committed 1280K, reserved 1048576K
Event: 7.829 GC heap after
Heap after GC invocations=12 (full 0):
 PSYoungGen      total 37888K, used 3856K [0x00000000d5b80000, 0x00000000d8b00000, 0x0000000100000000)
  eden space 29184K, 0% used [0x00000000d5b80000,0x00000000d5b80000,0x00000000d7800000)
  from space 8704K, 44% used [0x00000000d8280000,0x00000000d8644060,0x00000000d8b00000)
  to   space 9728K, 0% used [0x00000000d7800000,0x00000000d7800000,0x00000000d8180000)
 ParOldGen       total 87552K, used 67431K [0x0000000081200000, 0x0000000086780000, 0x00000000d5b80000)
  object space 87552K, 77% used [0x0000000081200000,0x00000000853d9fc0,0x0000000086780000)
 Metaspace       used 10490K, capacity 10662K, committed 10752K, reserved 1058816K
  class space    used 1171K, capacity 1230K, committed 1280K, reserved 1048576K
}
Event: 8.736 GC heap before
{Heap before GC invocations=13 (full 1):
 PSYoungGen      total 37888K, used 33040K [0x00000000d5b80000, 0x00000000d8b00000, 0x0000000100000000)
  eden space 29184K, 100% used [0x00000000d5b80000,0x00000000d7800000,0x00000000d7800000)
  from space 8704K, 44% used [0x00000000d8280000,0x00000000d8644060,0x00000000d8b00000)
  to   space 9728K, 0% used [0x00000000d7800000,0x00000000d7800000,0x00000000d8180000)
 ParOldGen       total 103936K, used 103733K [0x0000000081200000, 0x0000000087780000, 0x00000000d5b80000)
  object space 103936K, 99% used [0x0000000081200000,0x000000008774d4d8,0x0000000087780000)
 Metaspace       used 10520K, capacity 10662K, committed 10752K, reserved 1058816K
  class space    used 1171K, capacity 1230K, committed 1280K, reserved 1048576K
Event: 8.809 GC heap after
Heap after GC invocations=13 (full 1):
 PSYoungGen      total 37888K, used 0K [0x00000000d5b80000, 0x00000000d8b00000, 0x0000000100000000)
  eden space 29184K, 0% used [0x00000000d5b80000,0x00000000d5b80000,0x00000000d7800000)
  from space 8704K, 0% used [0x00000000d8280000,0x00000000d8280000,0x00000000d8b00000)
  to   space 9728K, 0% used [0x00000000d7800000,0x00000000d7800000,0x00000000d8180000)
 ParOldGen       total 84480K, used 26684K [0x0000000081200000, 0x0000000086480000, 0x00000000d5b80000)
  object space 84480K, 31% used [0x0000000081200000,0x0000000082c0f350,0x0000000086480000)
 Metaspace       used 10520K, capacity 10662K, committed 10752K, reserved 1058816K
  class space    used 1171K, capacity 1230K, committed 1280K, reserved 1048576K
}
Event: 9.216 GC heap before
{Heap before GC invocations=14 (full 1):
 PSYoungGen      total 37888K, used 28325K [0x00000000d5b80000, 0x00000000d8b00000, 0x0000000100000000)
  eden space 29184K, 97% used [0x00000000d5b80000,0x00000000d77297e8,0x00000000d7800000)
  from space 8704K, 0% used [0x00000000d8280000,0x00000000d8280000,0x00000000d8b00000)
  to   space 9728K, 0% used [0x00000000d7800000,0x00000000d7800000,0x00000000d8180000)
 ParOldGen       total 84480K, used 26684K [0x0000000081200000, 0x0000000086480000, 0x00000000d5b80000)
  object space 84480K, 31% used [0x0000000081200000,0x0000000082c0f350,0x0000000086480000)
 Metaspace       used 10529K, capacity 10726K, committed 11008K, reserved 1058816K
  class space    used 1171K, capacity 1230K, committed 1280K, reserved 1048576K
Event: 9.217 GC heap after
Heap after GC invocations=14 (full 1):
 PSYoungGen      total 38912K, used 3792K [0x00000000d5b80000, 0x00000000d9100000, 0x0000000100000000)
  eden space 29184K, 0% used [0x00000000d5b80000,0x00000000d5b80000,0x00000000d7800000)
  from space 9728K, 38% used [0x00000000d7800000,0x00000000d7bb4060,0x00000000d8180000)
  to   space 9216K, 0% used [0x00000000d8800000,0x00000000d8800000,0x00000000d9100000)
 ParOldGen       total 84480K, used 26692K [0x0000000081200000, 0x0000000086480000, 0x00000000d5b80000)
  object space 84480K, 31% used [0x0000000081200000,0x0000000082c11350,0x0000000086480000)
 Metaspace       used 10529K, capacity 10726K, committed 11008K, reserved 1058816K
  class space    used 1171K, capacity 1230K, committed 1280K, reserved 1048576K
}
Event: 9.634 GC heap before
{Heap before GC invocations=15 (full 1):
 PSYoungGen      total 38912K, used 32698K [0x00000000d5b80000, 0x00000000d9100000, 0x0000000100000000)
  eden space 29184K, 99% used [0x00000000d5b80000,0x00000000d77ba888,0x00000000d7800000)
  from space 9728K, 38% used [0x00000000d7800000,0x00000000d7bb4060,0x00000000d8180000)
  to   space 9216K, 0% used [0x00000000d8800000,0x00000000d8800000,0x00000000d9100000)
 ParOldGen       total 84480K, used 26692K [0x0000000081200000, 0x0000000086480000, 0x00000000d5b80000)
  object space 84480K, 31% used [0x0000000081200000,0x0000000082c11350,0x0000000086480000)
 Metaspace       used 10529K, capacity 10726K, committed 11008K, reserved 1058816K
  class space    used 1171K, capacity 1230K, committed 1280K, reserved 1048576K
Event: 9.637 GC heap after
Heap after GC invocations=15 (full 1):
 PSYoungGen      total 45568K, used 3524K [0x00000000d5b80000, 0x00000000d9080000, 0x0000000100000000)
  eden space 36864K, 0% used [0x00000000d5b80000,0x00000000d5b80000,0x00000000d7f80000)
  from space 8704K, 40% used [0x00000000d8800000,0x00000000d8b71050,0x00000000d9080000)
  to   space 8704K, 0% used [0x00000000d7f80000,0x00000000d7f80000,0x00000000d8800000)
 ParOldGen       total 84480K, used 26700K [0x0000000081200000, 0x0000000086480000, 0x00000000d5b80000)
  object space 84480K, 31% used [0x0000000081200000,0x0000000082c13350,0x0000000086480000)
 Metaspace       used 10529K, capacity 10726K, committed 11008K, reserved 1058816K
  class space    used 1171K, capacity 1230K, committed 1280K, reserved 1048576K
}

