# JRE version: Java(TM) SE Runtime Environment (8.0_161-b12) (build 1.8.0_161-b12)
# Java VM: Java HotSpot(TM) 64-Bit Server VM (25.161-b12 mixed mode windows-amd64 compressed oops)
Heap:
 PSYoungGen      total 34816K, used 10147K [0x00000000d5b80000, 0x00000000d8500000, 0x0000000100000000)
  eden space 28160K, 21% used [0x00000000d5b80000,0x00000000d6151de0,0x00000000d7700000)
  from space 6656K, 62% used [0x00000000d7e80000,0x00000000d8297050,0x00000000d8500000)
  to   space 7168K, 0% used [0x00000000d7700000,0x00000000d7700000,0x00000000d7e00000)
 ParOldGen       total 81408K, used 81280K [0x0000000081200000, 0x0000000086180000, 0x00000000d5b80000)
  object space 81408K, 99% used [0x0000000081200000,0x0000000086160008,0x0000000086180000)
 Metaspace       used 11350K, capacity 11522K, committed 11648K, reserved 1058816K
  class space    used 1249K, capacity 1326K, committed 1408K, reserved 1048576K
GC Heap History (10 events):
Event: 39.977 GC heap before
{Heap before GC invocations=92 (full 2):
 PSYoungGen      total 34816K, used 34704K [0x00000000d5b80000, 0x00000000d8780000, 0x0000000100000000)
  eden space 30720K, 100% used [0x00000000d5b80000,0x00000000d7980000,0x00000000d7980000)
  from space 4096K, 97% used [0x00000000d7a00000,0x00000000d7de4060,0x00000000d7e00000)
  to   space 7168K, 0% used [0x00000000d8080000,0x00000000d8080000,0x00000000d8780000)
 ParOldGen       total 81408K, used 81160K [0x0000000081200000, 0x0000000086180000, 0x00000000d5b80000)
  object space 81408K, 99% used [0x0000000081200000,0x0000000086142008,0x0000000086180000)
 Metaspace       used 11348K, capacity 11522K, committed 11648K, reserved 1058816K
  class space    used 1249K, capacity 1326K, committed 1408K, reserved 1048576K
Event: 39.979 GC heap after
Heap after GC invocations=92 (full 2):
 PSYoungGen      total 36864K, used 512K [0x00000000d5b80000, 0x00000000d8700000, 0x0000000100000000)
  eden space 30208K, 0% used [0x00000000d5b80000,0x00000000d5b80000,0x00000000d7900000)
  from space 6656K, 7% used [0x00000000d8080000,0x00000000d8100000,0x00000000d8700000)
  to   space 7168K, 0% used [0x00000000d7900000,0x00000000d7900000,0x00000000d8000000)
 ParOldGen       total 81408K, used 81192K [0x0000000081200000, 0x0000000086180000, 0x00000000d5b80000)
  object space 81408K, 99% used [0x0000000081200000,0x000000008614a008,0x0000000086180000)
 Metaspace       used 11348K, capacity 11522K, committed 11648K, reserved 1058816K
  class space    used 1249K, capacity 1326K, committed 1408K, reserved 1048576K
}
Event: 40.378 GC heap before
{Heap before GC invocations=93 (full 2):
 PSYoungGen      total 36864K, used 30056K [0x00000000d5b80000, 0x00000000d8700000, 0x0000000100000000)
  eden space 30208K, 97% used [0x00000000d5b80000,0x00000000d785a378,0x00000000d7900000)
  from space 6656K, 7% used [0x00000000d8080000,0x00000000d8100000,0x00000000d8700000)
  to   space 7168K, 0% used [0x00000000d7900000,0x00000000d7900000,0x00000000d8000000)
 ParOldGen       total 81408K, used 81192K [0x0000000081200000, 0x0000000086180000, 0x00000000d5b80000)
  object space 81408K, 99% used [0x0000000081200000,0x000000008614a008,0x0000000086180000)
 Metaspace       used 11348K, capacity 11522K, committed 11648K, reserved 1058816K
  class space    used 1249K, capacity 1326K, committed 1408K, reserved 1048576K
Event: 40.380 GC heap after
Heap after GC invocations=93 (full 2):
 PSYoungGen      total 34304K, used 4316K [0x00000000d5b80000, 0x00000000d8680000, 0x0000000100000000)
  eden space 29696K, 0% used [0x00000000d5b80000,0x00000000d5b80000,0x00000000d7880000)
  from space 4608K, 93% used [0x00000000d7900000,0x00000000d7d37050,0x00000000d7d80000)
  to   space 7168K, 0% used [0x00000000d7f80000,0x00000000d7f80000,0x00000000d8680000)
 ParOldGen       total 81408K, used 81208K [0x0000000081200000, 0x0000000086180000, 0x00000000d5b80000)
  object space 81408K, 99% used [0x0000000081200000,0x000000008614e008,0x0000000086180000)
 Metaspace       used 11348K, capacity 11522K, committed 11648K, reserved 1058816K
  class space    used 1249K, capacity 1326K, committed 1408K, reserved 1048576K
}
Event: 40.785 GC heap before
{Heap before GC invocations=94 (full 2):
 PSYoungGen      total 34304K, used 33838K [0x00000000d5b80000, 0x00000000d8680000, 0x0000000100000000)
  eden space 29696K, 99% used [0x00000000d5b80000,0x00000000d7854820,0x00000000d7880000)
  from space 4608K, 93% used [0x00000000d7900000,0x00000000d7d37050,0x00000000d7d80000)
  to   space 7168K, 0% used [0x00000000d7f80000,0x00000000d7f80000,0x00000000d8680000)
 ParOldGen       total 81408K, used 81208K [0x0000000081200000, 0x0000000086180000, 0x00000000d5b80000)
  object space 81408K, 99% used [0x0000000081200000,0x000000008614e008,0x0000000086180000)
 Metaspace       used 11348K, capacity 11522K, committed 11648K, reserved 1058816K
  class space    used 1249K, capacity 1326K, committed 1408K, reserved 1048576K
Event: 40.788 GC heap after
Heap after GC invocations=94 (full 2):
 PSYoungGen      total 36352K, used 4916K [0x00000000d5b80000, 0x00000000d8700000, 0x0000000100000000)
  eden space 29184K, 0% used [0x00000000d5b80000,0x00000000d5b80000,0x00000000d7800000)
  from space 7168K, 68% used [0x00000000d7f80000,0x00000000d844d070,0x00000000d8680000)
  to   space 7680K, 0% used [0x00000000d7800000,0x00000000d7800000,0x00000000d7f80000)
 ParOldGen       total 81408K, used 81232K [0x0000000081200000, 0x0000000086180000, 0x00000000d5b80000)
  object space 81408K, 99% used [0x0000000081200000,0x0000000086154008,0x0000000086180000)
 Metaspace       used 11348K, capacity 11522K, committed 11648K, reserved 1058816K
  class space    used 1249K, capacity 1326K, committed 1408K, reserved 1048576K
}
Event: 41.179 GC heap before
{Heap before GC invocations=95 (full 2):
 PSYoungGen      total 36352K, used 33498K [0x00000000d5b80000, 0x00000000d8700000, 0x0000000100000000)
  eden space 29184K, 97% used [0x00000000d5b80000,0x00000000d77699b0,0x00000000d7800000)
  from space 7168K, 68% used [0x00000000d7f80000,0x00000000d844d070,0x00000000d8680000)
  to   space 7680K, 0% used [0x00000000d7800000,0x00000000d7800000,0x00000000d7f80000)
 ParOldGen       total 81408K, used 81232K [0x0000000081200000, 0x0000000086180000, 0x00000000d5b80000)
  object space 81408K, 99% used [0x0000000081200000,0x0000000086154008,0x0000000086180000)
 Metaspace       used 11349K, capacity 11522K, committed 11648K, reserved 1058816K
  class space    used 1249K, capacity 1326K, committed 1408K, reserved 1048576K
Event: 41.181 GC heap after
Heap after GC invocations=95 (full 2):
 PSYoungGen      total 32768K, used 4016K [0x00000000d5b80000, 0x00000000d8580000, 0x0000000100000000)
  eden space 28672K, 0% used [0x00000000d5b80000,0x00000000d5b80000,0x00000000d7780000)
  from space 4096K, 98% used [0x00000000d7800000,0x00000000d7bec060,0x00000000d7c00000)
  to   space 7168K, 0% used [0x00000000d7e80000,0x00000000d7e80000,0x00000000d8580000)
 ParOldGen       total 81408K, used 81256K [0x0000000081200000, 0x0000000086180000, 0x00000000d5b80000)
  object space 81408K, 99% used [0x0000000081200000,0x000000008615a008,0x0000000086180000)
 Metaspace       used 11349K, capacity 11522K, committed 11648K, reserved 1058816K
  class space    used 1249K, capacity 1326K, committed 1408K, reserved 1048576K
}
Event: 41.555 GC heap before
{Heap before GC invocations=96 (full 2):
 PSYoungGen      total 32768K, used 32247K [0x00000000d5b80000, 0x00000000d8580000, 0x0000000100000000)
  eden space 28672K, 98% used [0x00000000d5b80000,0x00000000d7711f48,0x00000000d7780000)
  from space 4096K, 98% used [0x00000000d7800000,0x00000000d7bec060,0x00000000d7c00000)
  to   space 7168K, 0% used [0x00000000d7e80000,0x00000000d7e80000,0x00000000d8580000)
 ParOldGen       total 81408K, used 81256K [0x0000000081200000, 0x0000000086180000, 0x00000000d5b80000)
  object space 81408K, 99% used [0x0000000081200000,0x000000008615a008,0x0000000086180000)
 Metaspace       used 11350K, capacity 11522K, committed 11648K, reserved 1058816K
  class space    used 1249K, capacity 1326K, committed 1408K, reserved 1048576K
Event: 41.559 GC heap after
Heap after GC invocations=96 (full 2):
 PSYoungGen      total 34816K, used 4188K [0x00000000d5b80000, 0x00000000d8500000, 0x0000000100000000)
  eden space 28160K, 0% used [0x00000000d5b80000,0x00000000d5b80000,0x00000000d7700000)
  from space 6656K, 62% used [0x00000000d7e80000,0x00000000d8297050,0x00000000d8500000)
  to   space 7168K, 0% used [0x00000000d7700000,0x00000000d7700000,0x00000000d7e00000)
 ParOldGen       total 81408K, used 81280K [0x0000000081200000, 0x0000000086180000, 0x00000000d5b80000)
  object space 81408K, 99% used [0x0000000081200000,0x0000000086160008,0x0000000086180000)
 Metaspace       used 11350K, capacity 11522K, committed 11648K, reserved 1058816K
  class space    used 1249K, capacity 1326K, committed 1408K, reserved 1048576K
}

