# JRE version: Java(TM) SE Runtime Environment (8.0_161-b12) (build 1.8.0_161-b12)
# Java VM: Java HotSpot(TM) 64-Bit Server VM (25.161-b12 mixed mode windows-amd64 compressed oops)
Heap:
 PSYoungGen      total 56320K, used 37845K [0x00000000d5b80000, 0x00000000d9c00000, 0x0000000100000000)
  eden space 47616K, 79% used [0x00000000d5b80000,0x00000000d803d580,0x00000000d8a00000)
  from space 8704K, 2% used [0x00000000d8a80000,0x00000000d8ab8000,0x00000000d9300000)
  to   space 9216K, 0% used [0x00000000d9300000,0x00000000d9300000,0x00000000d9c00000)
 ParOldGen       total 92160K, used 32723K [0x0000000081200000, 0x0000000086c00000, 0x00000000d5b80000)
  object space 92160K, 35% used [0x0000000081200000,0x00000000831f4c50,0x0000000086c00000)
 Metaspace       used 10878K, capacity 11082K, committed 11264K, reserved 1058816K
  class space    used 1194K, capacity 1262K, committed 1280K, reserved 1048576K
GC Heap History (10 events):
Event: 252.223 GC heap before
{Heap before GC invocations=172 (full 9):
 PSYoungGen      total 59392K, used 49928K [0x00000000d5b80000, 0x00000000d9f80000, 0x0000000100000000)
  eden space 50176K, 99% used [0x00000000d5b80000,0x00000000d8c42238,0x00000000d8c80000)
  from space 9216K, 0% used [0x00000000d9680000,0x00000000d9680000,0x00000000d9f80000)
  to   space 9728K, 0% used [0x00000000d8c80000,0x00000000d8c80000,0x00000000d9600000)
 ParOldGen       total 92160K, used 7218K [0x0000000081200000, 0x0000000086c00000, 0x00000000d5b80000)
  object space 92160K, 7% used [0x0000000081200000,0x000000008190c838,0x0000000086c00000)
 Metaspace       used 10877K, capacity 11082K, committed 11264K, reserved 1058816K
  class space    used 1194K, capacity 1262K, committed 1280K, reserved 1048576K
Event: 252.226 GC heap after
Heap after GC invocations=172 (full 9):
 PSYoungGen      total 53760K, used 3856K [0x00000000d5b80000, 0x00000000d9e00000, 0x0000000100000000)
  eden space 49664K, 0% used [0x00000000d5b80000,0x00000000d5b80000,0x00000000d8c00000)
  from space 4096K, 94% used [0x00000000d8c80000,0x00000000d9044060,0x00000000d9080000)
  to   space 9216K, 0% used [0x00000000d9500000,0x00000000d9500000,0x00000000d9e00000)
 ParOldGen       total 92160K, used 7218K [0x0000000081200000, 0x0000000086c00000, 0x00000000d5b80000)
  object space 92160K, 7% used [0x0000000081200000,0x000000008190c838,0x0000000086c00000)
 Metaspace       used 10877K, capacity 11082K, committed 11264K, reserved 1058816K
  class space    used 1194K, capacity 1262K, committed 1280K, reserved 1048576K
}
Event: 253.134 GC heap before
{Heap before GC invocations=173 (full 9):
 PSYoungGen      total 53760K, used 53520K [0x00000000d5b80000, 0x00000000d9e00000, 0x0000000100000000)
  eden space 49664K, 100% used [0x00000000d5b80000,0x00000000d8c00000,0x00000000d8c00000)
  from space 4096K, 94% used [0x00000000d8c80000,0x00000000d9044060,0x00000000d9080000)
  to   space 9216K, 0% used [0x00000000d9500000,0x00000000d9500000,0x00000000d9e00000)
 ParOldGen       total 92160K, used 22819K [0x0000000081200000, 0x0000000086c00000, 0x00000000d5b80000)
  object space 92160K, 24% used [0x0000000081200000,0x0000000082848ed0,0x0000000086c00000)
 Metaspace       used 10877K, capacity 11082K, committed 11264K, reserved 1058816K
  class space    used 1194K, capacity 1262K, committed 1280K, reserved 1048576K
Event: 253.136 GC heap after
Heap after GC invocations=173 (full 9):
 PSYoungGen      total 58368K, used 192K [0x00000000d5b80000, 0x00000000d9e80000, 0x0000000100000000)
  eden space 49152K, 0% used [0x00000000d5b80000,0x00000000d5b80000,0x00000000d8b80000)
  from space 9216K, 2% used [0x00000000d9500000,0x00000000d9530000,0x00000000d9e00000)
  to   space 9728K, 0% used [0x00000000d8b80000,0x00000000d8b80000,0x00000000d9500000)
 ParOldGen       total 92160K, used 22819K [0x0000000081200000, 0x0000000086c00000, 0x00000000d5b80000)
  object space 92160K, 24% used [0x0000000081200000,0x0000000082848ed0,0x0000000086c00000)
 Metaspace       used 10877K, capacity 11082K, committed 11264K, reserved 1058816K
  class space    used 1194K, capacity 1262K, committed 1280K, reserved 1048576K
}
Event: 253.802 GC heap before
{Heap before GC invocations=174 (full 9):
 PSYoungGen      total 58368K, used 48575K [0x00000000d5b80000, 0x00000000d9e80000, 0x0000000100000000)
  eden space 49152K, 98% used [0x00000000d5b80000,0x00000000d8abfc80,0x00000000d8b80000)
  from space 9216K, 2% used [0x00000000d9500000,0x00000000d9530000,0x00000000d9e00000)
  to   space 9728K, 0% used [0x00000000d8b80000,0x00000000d8b80000,0x00000000d9500000)
 ParOldGen       total 92160K, used 22819K [0x0000000081200000, 0x0000000086c00000, 0x00000000d5b80000)
  object space 92160K, 24% used [0x0000000081200000,0x0000000082848ed0,0x0000000086c00000)
 Metaspace       used 10877K, capacity 11082K, committed 11264K, reserved 1058816K
  class space    used 1194K, capacity 1262K, committed 1280K, reserved 1048576K
Event: 253.805 GC heap after
Heap after GC invocations=174 (full 9):
 PSYoungGen      total 53248K, used 4456K [0x00000000d5b80000, 0x00000000d9d00000, 0x0000000100000000)
  eden space 48640K, 0% used [0x00000000d5b80000,0x00000000d5b80000,0x00000000d8b00000)
  from space 4608K, 96% used [0x00000000d8b80000,0x00000000d8fda060,0x00000000d9000000)
  to   space 9216K, 0% used [0x00000000d9400000,0x00000000d9400000,0x00000000d9d00000)
 ParOldGen       total 92160K, used 22819K [0x0000000081200000, 0x0000000086c00000, 0x00000000d5b80000)
  object space 92160K, 24% used [0x0000000081200000,0x0000000082848ed0,0x0000000086c00000)
 Metaspace       used 10877K, capacity 11082K, committed 11264K, reserved 1058816K
  class space    used 1194K, capacity 1262K, committed 1280K, reserved 1048576K
}
Event: 254.477 GC heap before
{Heap before GC invocations=175 (full 9):
 PSYoungGen      total 53248K, used 52816K [0x00000000d5b80000, 0x00000000d9d00000, 0x0000000100000000)
  eden space 48640K, 99% used [0x00000000d5b80000,0x00000000d8aba138,0x00000000d8b00000)
  from space 4608K, 96% used [0x00000000d8b80000,0x00000000d8fda060,0x00000000d9000000)
  to   space 9216K, 0% used [0x00000000d9400000,0x00000000d9400000,0x00000000d9d00000)
 ParOldGen       total 92160K, used 23719K [0x0000000081200000, 0x0000000086c00000, 0x00000000d5b80000)
  object space 92160K, 25% used [0x0000000081200000,0x0000000082929ee0,0x0000000086c00000)
 Metaspace       used 10877K, capacity 11082K, committed 11264K, reserved 1058816K
  class space    used 1194K, capacity 1262K, committed 1280K, reserved 1048576K
Event: 254.480 GC heap after
Heap after GC invocations=175 (full 9):
 PSYoungGen      total 55808K, used 3824K [0x00000000d5b80000, 0x00000000d9b80000, 0x0000000100000000)
  eden space 48128K, 0% used [0x00000000d5b80000,0x00000000d5b80000,0x00000000d8a80000)
  from space 7680K, 49% used [0x00000000d9400000,0x00000000d97bc060,0x00000000d9b80000)
  to   space 8704K, 0% used [0x00000000d8a80000,0x00000000d8a80000,0x00000000d9300000)
 ParOldGen       total 92160K, used 23719K [0x0000000081200000, 0x0000000086c00000, 0x00000000d5b80000)
  object space 92160K, 25% used [0x0000000081200000,0x0000000082929ee0,0x0000000086c00000)
 Metaspace       used 10877K, capacity 11082K, committed 11264K, reserved 1058816K
  class space    used 1194K, capacity 1262K, committed 1280K, reserved 1048576K
}
Event: 255.273 GC heap before
{Heap before GC invocations=176 (full 9):
 PSYoungGen      total 55808K, used 51952K [0x00000000d5b80000, 0x00000000d9b80000, 0x0000000100000000)
  eden space 48128K, 100% used [0x00000000d5b80000,0x00000000d8a80000,0x00000000d8a80000)
  from space 7680K, 49% used [0x00000000d9400000,0x00000000d97bc060,0x00000000d9b80000)
  to   space 8704K, 0% used [0x00000000d8a80000,0x00000000d8a80000,0x00000000d9300000)
 ParOldGen       total 92160K, used 32723K [0x0000000081200000, 0x0000000086c00000, 0x00000000d5b80000)
  object space 92160K, 35% used [0x0000000081200000,0x00000000831f4c50,0x0000000086c00000)
 Metaspace       used 10877K, capacity 11082K, committed 11264K, reserved 1058816K
  class space    used 1194K, capacity 1262K, committed 1280K, reserved 1048576K
Event: 255.275 GC heap after
Heap after GC invocations=176 (full 9):
 PSYoungGen      total 56320K, used 224K [0x00000000d5b80000, 0x00000000d9c00000, 0x0000000100000000)
  eden space 47616K, 0% used [0x00000000d5b80000,0x00000000d5b80000,0x00000000d8a00000)
  from space 8704K, 2% used [0x00000000d8a80000,0x00000000d8ab8000,0x00000000d9300000)
  to   space 9216K, 0% used [0x00000000d9300000,0x00000000d9300000,0x00000000d9c00000)
 ParOldGen       total 92160K, used 32723K [0x0000000081200000, 0x0000000086c00000, 0x00000000d5b80000)
  object space 92160K, 35% used [0x0000000081200000,0x00000000831f4c50,0x0000000086c00000)
 Metaspace       used 10877K, capacity 11082K, committed 11264K, reserved 1058816K
  class space    used 1194K, capacity 1262K, committed 1280K, reserved 1048576K
}

