# JRE version: Java(TM) SE Runtime Environment (8.0_161-b12) (build 1.8.0_161-b12)
# Java VM: Java HotSpot(TM) 64-Bit Server VM (25.161-b12 mixed mode windows-amd64 compressed oops)
Heap:
 PSYoungGen      total 65024K, used 15813K [0x00000000d5b80000, 0x00000000da580000, 0x0000000100000000)
  eden space 60416K, 18% used [0x00000000d5b80000,0x00000000d66a5518,0x00000000d9680000)
  from space 4608K, 95% used [0x00000000d9800000,0x00000000d9c4c060,0x00000000d9c80000)
  to   space 7680K, 0% used [0x00000000d9e00000,0x00000000d9e00000,0x00000000da580000)
 ParOldGen       total 43520K, used 16367K [0x0000000081200000, 0x0000000083c80000, 0x00000000d5b80000)
  object space 43520K, 37% used [0x0000000081200000,0x00000000821fbf98,0x0000000083c80000)
 Metaspace       used 11385K, capacity 11522K, committed 11648K, reserved 1058816K
  class space    used 1257K, capacity 1326K, committed 1408K, reserved 1048576K
GC Heap History (10 events):
Event: 34.259 GC heap before
{Heap before GC invocations=29 (full 2):
 PSYoungGen      total 75776K, used 74512K [0x00000000d5b80000, 0x00000000daf00000, 0x0000000100000000)
  eden space 70144K, 100% used [0x00000000d5b80000,0x00000000da000000,0x00000000da000000)
  from space 5632K, 77% used [0x00000000da980000,0x00000000dadc4060,0x00000000daf00000)
  to   space 7680K, 0% used [0x00000000da000000,0x00000000da000000,0x00000000da780000)
 ParOldGen       total 43520K, used 8996K [0x0000000081200000, 0x0000000083c80000, 0x00000000d5b80000)
  object space 43520K, 20% used [0x0000000081200000,0x0000000081ac9270,0x0000000083c80000)
 Metaspace       used 11345K, capacity 11522K, committed 11648K, reserved 1058816K
  class space    used 1256K, capacity 1326K, committed 1408K, reserved 1048576K
Event: 34.268 GC heap after
Heap after GC invocations=29 (full 2):
 PSYoungGen      total 73216K, used 4968K [0x00000000d5b80000, 0x00000000dad00000, 0x0000000100000000)
  eden space 68096K, 0% used [0x00000000d5b80000,0x00000000d5b80000,0x00000000d9e00000)
  from space 5120K, 97% used [0x00000000da000000,0x00000000da4da060,0x00000000da500000)
  to   space 7680K, 0% used [0x00000000da580000,0x00000000da580000,0x00000000dad00000)
 ParOldGen       total 43520K, used 9020K [0x0000000081200000, 0x0000000083c80000, 0x00000000d5b80000)
  object space 43520K, 20% used [0x0000000081200000,0x0000000081acf270,0x0000000083c80000)
 Metaspace       used 11345K, capacity 11522K, committed 11648K, reserved 1058816K
  class space    used 1256K, capacity 1326K, committed 1408K, reserved 1048576K
}
Event: 35.184 GC heap before
{Heap before GC invocations=30 (full 2):
 PSYoungGen      total 73216K, used 72966K [0x00000000d5b80000, 0x00000000dad00000, 0x0000000100000000)
  eden space 68096K, 99% used [0x00000000d5b80000,0x00000000d9de7ae0,0x00000000d9e00000)
  from space 5120K, 97% used [0x00000000da000000,0x00000000da4da060,0x00000000da500000)
  to   space 7680K, 0% used [0x00000000da580000,0x00000000da580000,0x00000000dad00000)
 ParOldGen       total 43520K, used 9920K [0x0000000081200000, 0x0000000083c80000, 0x00000000d5b80000)
  object space 43520K, 22% used [0x0000000081200000,0x0000000081bb0280,0x0000000083c80000)
 Metaspace       used 11345K, capacity 11522K, committed 11648K, reserved 1058816K
  class space    used 1256K, capacity 1326K, committed 1408K, reserved 1048576K
Event: 35.192 GC heap after
Heap after GC invocations=30 (full 2):
 PSYoungGen      total 71680K, used 3832K [0x00000000d5b80000, 0x00000000dab00000, 0x0000000100000000)
  eden space 66048K, 0% used [0x00000000d5b80000,0x00000000d5b80000,0x00000000d9c00000)
  from space 5632K, 68% used [0x00000000da580000,0x00000000da93e040,0x00000000dab00000)
  to   space 7680K, 0% used [0x00000000d9c00000,0x00000000d9c00000,0x00000000da380000)
 ParOldGen       total 43520K, used 9944K [0x0000000081200000, 0x0000000083c80000, 0x00000000d5b80000)
  object space 43520K, 22% used [0x0000000081200000,0x0000000081bb6280,0x0000000083c80000)
 Metaspace       used 11345K, capacity 11522K, committed 11648K, reserved 1058816K
  class space    used 1256K, capacity 1326K, committed 1408K, reserved 1048576K
}
Event: 36.150 GC heap before
{Heap before GC invocations=31 (full 2):
 PSYoungGen      total 71680K, used 69880K [0x00000000d5b80000, 0x00000000dab00000, 0x0000000100000000)
  eden space 66048K, 100% used [0x00000000d5b80000,0x00000000d9c00000,0x00000000d9c00000)
  from space 5632K, 68% used [0x00000000da580000,0x00000000da93e040,0x00000000dab00000)
  to   space 7680K, 0% used [0x00000000d9c00000,0x00000000d9c00000,0x00000000da380000)
 ParOldGen       total 43520K, used 15347K [0x0000000081200000, 0x0000000083c80000, 0x00000000d5b80000)
  object space 43520K, 35% used [0x0000000081200000,0x00000000820fcf88,0x0000000083c80000)
 Metaspace       used 11345K, capacity 11522K, committed 11648K, reserved 1058816K
  class space    used 1256K, capacity 1326K, committed 1408K, reserved 1048576K
Event: 36.158 GC heap after
Heap after GC invocations=31 (full 2):
 PSYoungGen      total 65024K, used 768K [0x00000000d5b80000, 0x00000000da900000, 0x0000000100000000)
  eden space 64000K, 0% used [0x00000000d5b80000,0x00000000d5b80000,0x00000000d9a00000)
  from space 1024K, 75% used [0x00000000d9c00000,0x00000000d9cc0000,0x00000000d9d00000)
  to   space 7680K, 0% used [0x00000000da180000,0x00000000da180000,0x00000000da900000)
 ParOldGen       total 43520K, used 15387K [0x0000000081200000, 0x0000000083c80000, 0x00000000d5b80000)
  object space 43520K, 35% used [0x0000000081200000,0x0000000082106f88,0x0000000083c80000)
 Metaspace       used 11345K, capacity 11522K, committed 11648K, reserved 1058816K
  class space    used 1256K, capacity 1326K, committed 1408K, reserved 1048576K
}
Event: 37.110 GC heap before
{Heap before GC invocations=32 (full 2):
 PSYoungGen      total 65024K, used 64768K [0x00000000d5b80000, 0x00000000da900000, 0x0000000100000000)
  eden space 64000K, 100% used [0x00000000d5b80000,0x00000000d9a00000,0x00000000d9a00000)
  from space 1024K, 75% used [0x00000000d9c00000,0x00000000d9cc0000,0x00000000d9d00000)
  to   space 7680K, 0% used [0x00000000da180000,0x00000000da180000,0x00000000da900000)
 ParOldGen       total 43520K, used 15387K [0x0000000081200000, 0x0000000083c80000, 0x00000000d5b80000)
  object space 43520K, 35% used [0x0000000081200000,0x0000000082106f88,0x0000000083c80000)
 Metaspace       used 11383K, capacity 11522K, committed 11648K, reserved 1058816K
  class space    used 1257K, capacity 1326K, committed 1408K, reserved 1048576K
Event: 37.115 GC heap after
Heap after GC invocations=32 (full 2):
 PSYoungGen      total 67584K, used 4400K [0x00000000d5b80000, 0x00000000da700000, 0x0000000100000000)
  eden space 61952K, 0% used [0x00000000d5b80000,0x00000000d5b80000,0x00000000d9800000)
  from space 5632K, 78% used [0x00000000da180000,0x00000000da5cc060,0x00000000da700000)
  to   space 7680K, 0% used [0x00000000d9800000,0x00000000d9800000,0x00000000d9f80000)
 ParOldGen       total 43520K, used 15419K [0x0000000081200000, 0x0000000083c80000, 0x00000000d5b80000)
  object space 43520K, 35% used [0x0000000081200000,0x000000008210ef88,0x0000000083c80000)
 Metaspace       used 11383K, capacity 11522K, committed 11648K, reserved 1058816K
  class space    used 1257K, capacity 1326K, committed 1408K, reserved 1048576K
}
Event: 37.953 GC heap before
{Heap before GC invocations=33 (full 2):
 PSYoungGen      total 67584K, used 66118K [0x00000000d5b80000, 0x00000000da700000, 0x0000000100000000)
  eden space 61952K, 99% used [0x00000000d5b80000,0x00000000d97c5ac8,0x00000000d9800000)
  from space 5632K, 78% used [0x00000000da180000,0x00000000da5cc060,0x00000000da700000)
  to   space 7680K, 0% used [0x00000000d9800000,0x00000000d9800000,0x00000000d9f80000)
 ParOldGen       total 43520K, used 16319K [0x0000000081200000, 0x0000000083c80000, 0x00000000d5b80000)
  object space 43520K, 37% used [0x0000000081200000,0x00000000821eff98,0x0000000083c80000)
 Metaspace       used 11383K, capacity 11522K, committed 11648K, reserved 1058816K
  class space    used 1257K, capacity 1326K, committed 1408K, reserved 1048576K
Event: 37.962 GC heap after
Heap after GC invocations=33 (full 2):
 PSYoungGen      total 65024K, used 4400K [0x00000000d5b80000, 0x00000000da580000, 0x0000000100000000)
  eden space 60416K, 0% used [0x00000000d5b80000,0x00000000d5b80000,0x00000000d9680000)
  from space 4608K, 95% used [0x00000000d9800000,0x00000000d9c4c060,0x00000000d9c80000)
  to   space 7680K, 0% used [0x00000000d9e00000,0x00000000d9e00000,0x00000000da580000)
 ParOldGen       total 43520K, used 16367K [0x0000000081200000, 0x0000000083c80000, 0x00000000d5b80000)
  object space 43520K, 37% used [0x0000000081200000,0x00000000821fbf98,0x0000000083c80000)
 Metaspace       used 11383K, capacity 11522K, committed 11648K, reserved 1058816K
  class space    used 1257K, capacity 1326K, committed 1408K, reserved 1048576K
}

